<?xml version="1.0" encoding="UTF-8"?>
<!-- Generated by org.testng.reporters.JUnitXMLReporter -->
<testsuite ignored="0" hostname="user1" failures="0" tests="0" time="0.045" errors="0" timestamp="2025-04-16T07:07:50 IST">
  <testcase classname="stepDefinations.Hooks" name="@AfterTest tearDown" time="-1.744767470318E9">
    <failure type="org.testng.TestNGException" message="
Can inject only one of &amp;lt;ITestContext, XmlTest&amp;gt; into a @AfterTest annotated tearDown.
For more information on native dependency injection please refer to https://testng.org/#_dependency_injection">
      <![CDATA[org.testng.TestNGException: 
Can inject only one of <ITestContext, XmlTest> into a @AfterTest annotated tearDown.
For more information on native dependency injection please refer to https://testng.org/#_dependency_injection
... Removed 21 stack frames]]>
    </failure>
  </testcase> <!-- @AfterTest tearDown -->
</testsuite>
